kotlin version: 2.0.21
error message: org.jetbrains.kotlin.backend.common.BackendException: Backend Internal error: Exception during IR lowering
File being compiled: /home/zhylvern/AndroidStudioProjects/MOBDEVEArtistics/app/src/main/java/com/example/mobdeveartistics/activities/feed/MainActivity.kt
The root cause java.lang.RuntimeException was thrown at: org.jetbrains.kotlin.backend.jvm.codegen.FunctionCodegen.generate(FunctionCodegen.kt:47)
	at org.jetbrains.kotlin.backend.common.CodegenUtil.reportBackendException(CodegenUtil.kt:253)
	at org.jetbrains.kotlin.backend.common.CodegenUtil.reportBackendException$default(CodegenUtil.kt:236)
	at org.jetbrains.kotlin.backend.common.phaser.PerformByIrFilePhase.invokeSequential(performByIrFile.kt:65)
	at org.jetbrains.kotlin.backend.common.phaser.PerformByIrFilePhase.invoke(performByIrFile.kt:52)
	at org.jetbrains.kotlin.backend.common.phaser.PerformByIrFilePhase.invoke(performByIrFile.kt:38)
	at org.jetbrains.kotlin.backend.common.phaser.NamedCompilerPhase.phaseBody(CompilerPhase.kt:166)
	at org.jetbrains.kotlin.backend.common.phaser.AbstractNamedCompilerPhase.invoke(CompilerPhase.kt:113)
	at org.jetbrains.kotlin.backend.common.phaser.CompositePhase.invoke(PhaseBuilders.kt:27)
	at org.jetbrains.kotlin.backend.common.phaser.CompositePhase.invoke(PhaseBuilders.kt:14)
	at org.jetbrains.kotlin.backend.common.phaser.NamedCompilerPhase.phaseBody(CompilerPhase.kt:166)
	at org.jetbrains.kotlin.backend.common.phaser.AbstractNamedCompilerPhase.invoke(CompilerPhase.kt:113)
	at org.jetbrains.kotlin.backend.common.phaser.CompilerPhaseKt.invokeToplevel(CompilerPhase.kt:62)
	at org.jetbrains.kotlin.backend.jvm.JvmIrCodegenFactory.invokeCodegen(JvmIrCodegenFactory.kt:371)
	at org.jetbrains.kotlin.codegen.CodegenFactory.generateModule(CodegenFactory.kt:47)
	at org.jetbrains.kotlin.backend.jvm.JvmIrCodegenFactory.generateModuleInFrontendIRMode(JvmIrCodegenFactory.kt:433)
	at org.jetbrains.kotlin.cli.jvm.compiler.pipeline.JvmCompilerPipelineKt.generateCodeFromIr(jvmCompilerPipeline.kt:246)
	at org.jetbrains.kotlin.cli.jvm.compiler.pipeline.JvmCompilerPipelineKt.compileModulesUsingFrontendIrAndLightTree(jvmCompilerPipeline.kt:142)
	at org.jetbrains.kotlin.cli.jvm.K2JVMCompiler.doExecute(K2JVMCompiler.kt:148)
	at org.jetbrains.kotlin.cli.jvm.K2JVMCompiler.doExecute(K2JVMCompiler.kt:43)
	at org.jetbrains.kotlin.cli.common.CLICompiler.execImpl(CLICompiler.kt:103)
	at org.jetbrains.kotlin.cli.common.CLICompiler.execImpl(CLICompiler.kt:49)
	at org.jetbrains.kotlin.cli.common.CLITool.exec(CLITool.kt:101)
	at org.jetbrains.kotlin.incremental.IncrementalJvmCompilerRunner.runCompiler(IncrementalJvmCompilerRunner.kt:464)
	at org.jetbrains.kotlin.incremental.IncrementalJvmCompilerRunner.runCompiler(IncrementalJvmCompilerRunner.kt:73)
	at org.jetbrains.kotlin.incremental.IncrementalCompilerRunner.doCompile(IncrementalCompilerRunner.kt:506)
	at org.jetbrains.kotlin.incremental.IncrementalCompilerRunner.compileImpl(IncrementalCompilerRunner.kt:423)
	at org.jetbrains.kotlin.incremental.IncrementalCompilerRunner.compileNonIncrementally(IncrementalCompilerRunner.kt:301)
	at org.jetbrains.kotlin.incremental.IncrementalCompilerRunner.compile(IncrementalCompilerRunner.kt:129)
	at org.jetbrains.kotlin.daemon.CompileServiceImplBase.execIncrementalCompiler(CompileServiceImpl.kt:675)
	at org.jetbrains.kotlin.daemon.CompileServiceImplBase.access$execIncrementalCompiler(CompileServiceImpl.kt:92)
	at org.jetbrains.kotlin.daemon.CompileServiceImpl.compile(CompileServiceImpl.kt:1660)
	at java.base/jdk.internal.reflect.DirectMethodHandleAccessor.invoke(Unknown Source)
	at java.base/java.lang.reflect.Method.invoke(Unknown Source)
	at java.rmi/sun.rmi.server.UnicastServerRef.dispatch(Unknown Source)
	at java.rmi/sun.rmi.transport.Transport$1.run(Unknown Source)
	at java.rmi/sun.rmi.transport.Transport$1.run(Unknown Source)
	at java.base/java.security.AccessController.doPrivileged(Unknown Source)
	at java.rmi/sun.rmi.transport.Transport.serviceCall(Unknown Source)
	at java.rmi/sun.rmi.transport.tcp.TCPTransport.handleMessages(Unknown Source)
	at java.rmi/sun.rmi.transport.tcp.TCPTransport$ConnectionHandler.run0(Unknown Source)
	at java.rmi/sun.rmi.transport.tcp.TCPTransport$ConnectionHandler.lambda$run$0(Unknown Source)
	at java.base/java.security.AccessController.doPrivileged(Unknown Source)
	at java.rmi/sun.rmi.transport.tcp.TCPTransport$ConnectionHandler.run(Unknown Source)
	at java.base/java.util.concurrent.ThreadPoolExecutor.runWorker(Unknown Source)
	at java.base/java.util.concurrent.ThreadPoolExecutor$Worker.run(Unknown Source)
	at java.base/java.lang.Thread.run(Unknown Source)
Caused by: java.lang.RuntimeException: Exception while generating code for:
FUN name:PostsList visibility:public modality:FINAL <> () returnType:kotlin.Unit
  annotations:
    Composable
  BLOCK_BODY
    VAR name:posts type:androidx.compose.runtime.snapshots.SnapshotStateList<com.example.mobdeveartistics.activities.feed.Post> [val]
      CALL 'public final fun remember <T> (calculation: @[DisallowComposableCalls] kotlin.Function0<T of androidx.compose.runtime.ComposablesKt.remember>): T of androidx.compose.runtime.ComposablesKt.remember [inline] declared in androidx.compose.runtime.ComposablesKt' type=androidx.compose.runtime.snapshots.SnapshotStateList<com.example.mobdeveartistics.activities.feed.Post> origin=null
        <T>: androidx.compose.runtime.snapshots.SnapshotStateList<com.example.mobdeveartistics.activities.feed.Post>
        calculation: BLOCK type=kotlin.Function0<androidx.compose.runtime.snapshots.SnapshotStateList<com.example.mobdeveartistics.activities.feed.Post>> origin=LAMBDA
          COMPOSITE type=kotlin.Unit origin=null
          FUNCTION_REFERENCE 'private final fun PostsList$lambda$1 (): androidx.compose.runtime.snapshots.SnapshotStateList<com.example.mobdeveartistics.activities.feed.Post> declared in com.example.mobdeveartistics.activities.feed.MainActivityKt' type=kotlin.Function0<androidx.compose.runtime.snapshots.SnapshotStateList<com.example.mobdeveartistics.activities.feed.Post>> origin=INLINE_LAMBDA reflectionTarget=null
    CALL 'public final fun LaunchedEffect (key1: kotlin.Any?, block: @[ExtensionFunctionType] kotlin.coroutines.SuspendFunction1<kotlinx.coroutines.CoroutineScope, kotlin.Unit>): kotlin.Unit declared in androidx.compose.runtime.EffectsKt' type=kotlin.Unit origin=null
      key1: GET_FIELD 'FIELD FIELD_FOR_OBJECT_INSTANCE name:INSTANCE type:kotlin.Unit visibility:public [final,static] declared in kotlin.Unit' type=kotlin.Unit origin=null
      block: BLOCK type=com.example.mobdeveartistics.activities.feed.MainActivityKt.PostsList.<no name provided> origin=null
        CLASS SUSPEND_LAMBDA CLASS name:<no name provided> modality:FINAL visibility:public/*package*/ superTypes:[kotlin.coroutines.jvm.internal.SuspendLambda; kotlin.jvm.functions.Function2<kotlinx.coroutines.CoroutineScope, kotlin.coroutines.Continuation<kotlin.Unit>?, kotlin.Any?>]
          $this: VALUE_PARAMETER INSTANCE_RECEIVER name:<this> type:com.example.mobdeveartistics.activities.feed.MainActivityKt.PostsList.<no name provided>
          FIELD name:label type:kotlin.Int visibility:public/*package*/
          CONSTRUCTOR SUSPEND_LAMBDA visibility:public/*package*/ <> ($posts:androidx.compose.runtime.snapshots.SnapshotStateList<com.example.mobdeveartistics.activities.feed.Post>, $completion:kotlin.coroutines.Continuation<com.example.mobdeveartistics.activities.feed.MainActivityKt.PostsList.<no name provided>>?) returnType:com.example.mobdeveartistics.activities.feed.MainActivityKt.PostsList.<no name provided> [primary]
            VALUE_PARAMETER BOUND_VALUE_PARAMETER name:$posts index:0 type:androidx.compose.runtime.snapshots.SnapshotStateList<com.example.mobdeveartistics.activities.feed.Post>
            VALUE_PARAMETER name:$completion index:1 type:kotlin.coroutines.Continuation<com.example.mobdeveartistics.activities.feed.MainActivityKt.PostsList.<no name provided>>?
            BLOCK_BODY
              SET_FIELD 'FIELD FIELD_FOR_CAPTURED_VALUE name:$posts type:androidx.compose.runtime.snapshots.SnapshotStateList<com.example.mobdeveartistics.activities.feed.Post> visibility:public/*package*/ [final] declared in com.example.mobdeveartistics.activities.feed.MainActivityKt.PostsList.<no name provided>' type=kotlin.Unit origin=INITIALIZER_OF_FIELD_FOR_CAPTURED_VALUE
                receiver: GET_VAR '<this>: com.example.mobdeveartistics.activities.feed.MainActivityKt.PostsList.<no name provided> declared in com.example.mobdeveartistics.activities.feed.MainActivityKt.PostsList.<no name provided>' type=com.example.mobdeveartistics.activities.feed.MainActivityKt.PostsList.<no name provided> origin=null
                value: GET_VAR '$posts: androidx.compose.runtime.snapshots.SnapshotStateList<com.example.mobdeveartistics.activities.feed.Post> declared in com.example.mobdeveartistics.activities.feed.MainActivityKt.PostsList.<no name provided>.<init>' type=androidx.compose.runtime.snapshots.SnapshotStateList<com.example.mobdeveartistics.activities.feed.Post> origin=null
              DELEGATING_CONSTRUCTOR_CALL 'public constructor <init> (arity: kotlin.Int, $completion: kotlin.coroutines.Continuation<kotlin.Any?>?) declared in kotlin.coroutines.jvm.internal.SuspendLambda'
                arity: CONST Int type=kotlin.Int value=2
                $completion: GET_VAR '$completion: kotlin.coroutines.Continuation<com.example.mobdeveartistics.activities.feed.MainActivityKt.PostsList.<no name provided>>? declared in com.example.mobdeveartistics.activities.feed.MainActivityKt.PostsList.<no name provided>.<init>' type=kotlin.coroutines.Continuation<com.example.mobdeveartistics.activities.feed.MainActivityKt.PostsList.<no name provided>>? origin=null
              BLOCK type=kotlin.Unit origin=null
          FUN name:invokeSuspend visibility:public modality:FINAL <> ($this:com.example.mobdeveartistics.activities.feed.MainActivityKt.PostsList.<no name provided>, $result:kotlin.Result<kotlin.Any?>) returnType:kotlin.Any?
            overridden:
              protected abstract fun invokeSuspend ($result: kotlin.Result<kotlin.Any?>): kotlin.Any? declared in kotlin.coroutines.jvm.internal.SuspendLambda
            $this: VALUE_PARAMETER INSTANCE_RECEIVER name:<this> type:com.example.mobdeveartistics.activities.feed.MainActivityKt.PostsList.<no name provided>
            VALUE_PARAMETER name:$result index:0 type:kotlin.Result<kotlin.Any?>
            BLOCK_BODY
              CALL 'public final fun withContext <T> (context: kotlin.coroutines.CoroutineContext, block: @[ExtensionFunctionType] kotlin.coroutines.SuspendFunction1<kotlinx.coroutines.CoroutineScope, T of kotlinx.coroutines.BuildersKt.withContext>, $completion: kotlin.coroutines.Continuation<T of kotlinx.coroutines.BuildersKt.withContext>): kotlin.Any? [suspend] declared in kotlinx.coroutines.BuildersKt' type=kotlin.Unit origin=null
                <T>: kotlin.Unit
                context: CALL 'public final fun <get-IO> (): kotlinx.coroutines.CoroutineDispatcher declared in kotlinx.coroutines.Dispatchers' type=kotlinx.coroutines.CoroutineDispatcher origin=GET_PROPERTY
                block: BLOCK type=com.example.mobdeveartistics.activities.feed.MainActivityKt.PostsList.<no name provided>.invokeSuspend.<no name provided> origin=null
                  CLASS SUSPEND_LAMBDA CLASS name:<no name provided> modality:FINAL visibility:public/*package*/ superTypes:[kotlin.coroutines.jvm.internal.SuspendLambda; kotlin.jvm.functions.Function2<kotlinx.coroutines.CoroutineScope, kotlin.coroutines.Continuation<kotlin.Unit>?, kotlin.Any?>]
                    $this: VALUE_PARAMETER INSTANCE_RECEIVER name:<this> type:com.example.mobdeveartistics.activities.feed.MainActivityKt.PostsList.<no name provided>.invokeSuspend.<no name provided>
                    FIELD name:label type:kotlin.Int visibility:public/*package*/
                    CONSTRUCTOR SUSPEND_LAMBDA visibility:public/*package*/ <> ($posts:androidx.compose.runtime.snapshots.SnapshotStateList<com.example.mobdeveartistics.activities.feed.Post>, $completion:kotlin.coroutines.Continuation<com.example.mobdeveartistics.activities.feed.MainActivityKt.PostsList.<no name provided>.invokeSuspend.<no name provided>>?) returnType:com.example.mobdeveartistics.activities.feed.MainActivityKt.PostsList.<no name provided>.invokeSuspend.<no name provided> [primary]
                      VALUE_PARAMETER BOUND_VALUE_PARAMETER name:$posts index:0 type:androidx.compose.runtime.snapshots.SnapshotStateList<com.example.mobdeveartistics.activities.feed.Post>
                      VALUE_PARAMETER name:$completion index:1 type:kotlin.coroutines.Continuation<com.example.mobdeveartistics.activities.feed.MainActivityKt.PostsList.<no name provided>.invokeSuspend.<no name provided>>?
                      BLOCK_BODY
                        SET_FIELD 'FIELD FIELD_FOR_CAPTURED_VALUE name:$posts type:androidx.compose.runtime.snapshots.SnapshotStateList<com.example.mobdeveartistics.activities.feed.Post> visibility:public/*package*/ [final] declared in com.example.mobdeveartistics.activities.feed.MainActivityKt.PostsList.<no name provided>.invokeSuspend.<no name provided>' type=kotlin.Unit origin=INITIALIZER_OF_FIELD_FOR_CAPTURED_VALUE
                          receiver: GET_VAR '<this>: com.example.mobdeveartistics.activities.feed.MainActivityKt.PostsList.<no name provided>.invokeSuspend.<no name provided> declared in com.example.mobdeveartistics.activities.feed.MainActivityKt.PostsList.<no name provided>.invokeSuspend.<no name provided>' type=com.example.mobdeveartistics.activities.feed.MainActivityKt.PostsList.<no name provided>.invokeSuspend.<no name provided> origin=null
                          value: GET_VAR '$posts: androidx.compose.runtime.snapshots.SnapshotStateList<com.example.mobdeveartistics.activities.feed.Post> declared in com.example.mobdeveartistics.activities.feed.MainActivityKt.PostsList.<no name provided>.invokeSuspend.<no name provided>.<init>' type=androidx.compose.runtime.snapshots.SnapshotStateList<com.example.mobdeveartistics.activities.feed.Post> origin=null
                        DELEGATING_CONSTRUCTOR_CALL 'public constructor <init> (arity: kotlin.Int, $completion: kotlin.coroutines.Continuation<kotlin.Any?>?) declared in kotlin.coroutines.jvm.internal.SuspendLambda'
                          arity: CONST Int type=kotlin.Int value=2
                          $completion: GET_VAR '$completion: kotlin.coroutines.Continuation<com.example.mobdeveartistics.activities.feed.MainActivityKt.PostsList.<no name provided>.invokeSuspend.<no name provided>>? declared in com.example.mobdeveartistics.activities.feed.MainActivityKt.PostsList.<no name provided>.invokeSuspend.<no name provided>.<init>' type=kotlin.coroutines.Continuation<com.example.mobdeveartistics.activities.feed.MainActivityKt.PostsList.<no name provided>.invokeSuspend.<no name provided>>? origin=null
                        BLOCK type=kotlin.Unit origin=null
                    FUN name:invokeSuspend visibility:public modality:FINAL <> ($this:com.example.mobdeveartistics.activities.feed.MainActivityKt.PostsList.<no name provided>.invokeSuspend.<no name provided>, $result:kotlin.Result<kotlin.Any?>) returnType:kotlin.Any?
                      overridden:
                        protected abstract fun invokeSuspend ($result: kotlin.Result<kotlin.Any?>): kotlin.Any? declared in kotlin.coroutines.jvm.internal.SuspendLambda
                      $this: VALUE_PARAMETER INSTANCE_RECEIVER name:<this> type:com.example.mobdeveartistics.activities.feed.MainActivityKt.PostsList.<no name provided>.invokeSuspend.<no name provided>
                      VALUE_PARAMETER name:$result index:0 type:kotlin.Result<kotlin.Any?>
                      BLOCK_BODY
                        VAR name:results type:kotlin.collections.List<com.example.mobdeveartistics.activities.feed.Post> [val]
                          CALL 'public final fun decodeList <T> (): kotlin.collections.List<T of io.github.jan.supabase.postgrest.result.PostgrestResult.decodeList> [inline] declared in io.github.jan.supabase.postgrest.result.PostgrestResult' type=kotlin.collections.List<com.example.mobdeveartistics.activities.feed.Post> origin=null
                            <T>: com.example.mobdeveartistics.activities.feed.Post
                            $this: TYPE_OP type=io.github.jan.supabase.postgrest.result.PostgrestResult origin=IMPLICIT_CAST typeOperand=io.github.jan.supabase.postgrest.result.PostgrestResult
                              CALL 'public final fun select-Ao2T0zE$default ($this: io.github.jan.supabase.postgrest.query.PostgrestQueryBuilder, columns: io.github.jan.supabase.postgrest.query.Columns?, request: @[ExtensionFunctionType] @[PostgrestFilterDSL] kotlin.Function1<io.github.jan.supabase.postgrest.query.request.SelectRequestBuilder, kotlin.Unit>?, $completion: kotlin.coroutines.Continuation<io.github.jan.supabase.postgrest.result.PostgrestResult>, $mask0: kotlin.Int, $handler: kotlin.Any?): kotlin.Any? [inline,suspend] declared in io.github.jan.supabase.postgrest.query.PostgrestQueryBuilder' type=io.github.jan.supabase.postgrest.result.PostgrestResult origin=DEFAULT_DISPATCH_CALL
                                $this: CALL 'public final fun from (table: kotlin.String): io.github.jan.supabase.postgrest.query.PostgrestQueryBuilder declared in io.github.jan.supabase.postgrest.PostgrestKt' type=io.github.jan.supabase.postgrest.query.PostgrestQueryBuilder origin=null
                                  $receiver: CALL 'public final fun <get-supabase> (): io.github.jan.supabase.SupabaseClient declared in com.example.mobdeveartistics.activities.feed.MainActivityKt' type=io.github.jan.supabase.SupabaseClient origin=GET_PROPERTY
                                  table: CONST String type=kotlin.String value="posts"
                                columns: COMPOSITE type=io.github.jan.supabase.postgrest.query.Columns? origin=DEFAULT_VALUE
                                  CONST Null type=io.github.jan.supabase.postgrest.query.Columns? value=null
                                request: COMPOSITE type=@[ExtensionFunctionType] @[PostgrestFilterDSL] kotlin.Function1<io.github.jan.supabase.postgrest.query.request.SelectRequestBuilder, kotlin.Unit>? origin=DEFAULT_VALUE
                                  CONST Null type=@[ExtensionFunctionType] @[PostgrestFilterDSL] kotlin.Function1<io.github.jan.supabase.postgrest.query.request.SelectRequestBuilder, kotlin.Unit>? value=null
                                $completion: GET_VAR '<this>: com.example.mobdeveartistics.activities.feed.MainActivityKt.PostsList.<no name provided>.invokeSuspend.<no name provided> declared in com.example.mobdeveartistics.activities.feed.MainActivityKt.PostsList.<no name provided>.invokeSuspend.<no name provided>.invokeSuspend' type=com.example.mobdeveartistics.activities.feed.MainActivityKt.PostsList.<no name provided>.invokeSuspend.<no name provided> origin=null
                                $mask0: CONST Int type=kotlin.Int value=3
                                $handler: CONST Null type=kotlin.Any? value=null
                        COMPOSITE type=kotlin.Unit origin=null
                          CALL 'public open fun addAll (elements: kotlin.collections.Collection<T of androidx.compose.runtime.snapshots.SnapshotStateList>): kotlin.Boolean declared in androidx.compose.runtime.snapshots.SnapshotStateList' type=kotlin.Boolean origin=null
                            $this: GET_FIELD 'FIELD FIELD_FOR_CAPTURED_VALUE name:$posts type:androidx.compose.runtime.snapshots.SnapshotStateList<com.example.mobdeveartistics.activities.feed.Post> visibility:public/*package*/ [final] declared in com.example.mobdeveartistics.activities.feed.MainActivityKt.PostsList.<no name provided>.invokeSuspend.<no name provided>' type=androidx.compose.runtime.snapshots.SnapshotStateList<com.example.mobdeveartistics.activities.feed.Post> origin=null
                              receiver: GET_VAR '<this>: com.example.mobdeveartistics.activities.feed.MainActivityKt.PostsList.<no name provided>.invokeSuspend.<no name provided> declared in com.example.mobdeveartistics.activities.feed.MainActivityKt.PostsList.<no name provided>.invokeSuspend.<no name provided>.invokeSuspend' type=com.example.mobdeveartistics.activities.feed.MainActivityKt.PostsList.<no name provided>.invokeSuspend.<no name provided> origin=null
                            elements: GET_VAR 'val results: kotlin.collections.List<com.example.mobdeveartistics.activities.feed.Post> [val] declared in com.example.mobdeveartistics.activities.feed.MainActivityKt.PostsList.<no name provided>.invokeSuspend.<no name provided>.invokeSuspend' type=kotlin.collections.List<com.example.mobdeveartistics.activities.feed.Post> origin=null
                          COMPOSITE type=kotlin.Unit origin=null
                        CALL 'public final fun forEach <T> (action: kotlin.Function1<T of kotlin.collections.CollectionsKt.forEach, kotlin.Unit>): kotlin.Unit [inline] declared in kotlin.collections.CollectionsKt' type=kotlin.Unit origin=null
                          <T>: com.example.mobdeveartistics.activities.feed.Post
                          $receiver: GET_VAR 'val results: kotlin.collections.List<com.example.mobdeveartistics.activities.feed.Post> [val] declared in com.example.mobdeveartistics.activities.feed.MainActivityKt.PostsList.<no name provided>.invokeSuspend.<no name provided>.invokeSuspend' type=kotlin.collections.List<com.example.mobdeveartistics.activities.feed.Post> origin=null
                          action: BLOCK type=kotlin.Function1<com.example.mobdeveartistics.activities.feed.Post, kotlin.Unit> origin=LAMBDA
                            COMPOSITE type=kotlin.Unit origin=null
                            FUNCTION_REFERENCE 'private final fun invokeSuspend$lambda$0 (post: com.example.mobdeveartistics.activities.feed.Post): kotlin.Unit declared in com.example.mobdeveartistics.activities.feed.MainActivityKt.PostsList.<no name provided>.invokeSuspend.<no name provided>' type=kotlin.Function1<com.example.mobdeveartistics.activities.feed.Post, kotlin.Unit> origin=INLINE_LAMBDA reflectionTarget=null
                    FUN name:create visibility:public modality:FINAL <> ($this:com.example.mobdeveartistics.activities.feed.MainActivityKt.PostsList.<no name provided>.invokeSuspend.<no name provided>, value:kotlin.Any?, $completion:kotlin.coroutines.Continuation<kotlin.Nothing>) returnType:kotlin.coroutines.Continuation<kotlin.Unit>
                      overridden:
                        public open fun create (value: kotlin.Any?, $completion: kotlin.coroutines.Continuation<kotlin.Nothing>): kotlin.coroutines.Continuation<kotlin.Unit> declared in kotlin.coroutines.jvm.internal.SuspendLambda
                      $this: VALUE_PARAMETER INSTANCE_RECEIVER name:<this> type:com.example.mobdeveartistics.activities.feed.MainActivityKt.PostsList.<no name provided>.invokeSuspend.<no name provided>
                      VALUE_PARAMETER name:value index:0 type:kotlin.Any?
                      VALUE_PARAMETER name:$completion index:1 type:kotlin.coroutines.Continuation<kotlin.Nothing>
                      BLOCK_BODY
                        RETURN type=kotlin.Nothing from='public final fun create (value: kotlin.Any?, $completion: kotlin.coroutines.Continuation<kotlin.Nothing>): kotlin.coroutines.Continuation<kotlin.Unit> declared in com.example.mobdeveartistics.activities.feed.MainActivityKt.PostsList.<no name provided>.invokeSuspend.<no name provided>'
                          CONSTRUCTOR_CALL 'public/*package*/ constructor <init> ($posts: androidx.compose.runtime.snapshots.SnapshotStateList<com.example.mobdeveartistics.activities.feed.Post>, $completion: kotlin.coroutines.Continuation<com.example.mobdeveartistics.activities.feed.MainActivityKt.PostsList.<no name provided>.invokeSuspend.<no name provided>>?) [primary] declared in com.example.mobdeveartistics.activities.feed.MainActivityKt.PostsList.<no name provided>.invokeSuspend.<no name provided>' type=com.example.mobdeveartistics.activities.feed.MainActivityKt.PostsList.<no name provided>.invokeSuspend.<no name provided> origin=null
                            $posts: GET_FIELD 'FIELD FIELD_FOR_CAPTURED_VALUE name:$posts type:androidx.compose.runtime.snapshots.SnapshotStateList<com.example.mobdeveartistics.activities.feed.Post> visibility:public/*package*/ [final] declared in com.example.mobdeveartistics.activities.feed.MainActivityKt.PostsList.<no name provided>.invokeSuspend.<no name provided>' type=androidx.compose.runtime.snapshots.SnapshotStateList<com.example.mobdeveartistics.activities.feed.Post> origin=null
                              receiver: GET_VAR '<this>: com.example.mobdeveartistics.activities.feed.MainActivityKt.PostsList.<no name provided>.invokeSuspend.<no name provided> declared in com.example.mobdeveartistics.activities.feed.MainActivityKt.PostsList.<no name provided>.invokeSuspend.<no name provided>.create' type=com.example.mobdeveartistics.activities.feed.MainActivityKt.PostsList.<no name provided>.invokeSuspend.<no name provided> origin=null
                            $completion: GET_VAR '$completion: kotlin.coroutines.Continuation<kotlin.Nothing> declared in com.example.mobdeveartistics.activities.feed.MainActivityKt.PostsList.<no name provided>.invokeSuspend.<no name provided>.create' type=kotlin.coroutines.Continuation<kotlin.Nothing> origin=null
                    FUN name:invoke visibility:public modality:FINAL <> ($this:com.example.mobdeveartistics.activities.feed.MainActivityKt.PostsList.<no name provided>.invokeSuspend.<no name provided>, p1:kotlinx.coroutines.CoroutineScope, p2:kotlin.coroutines.Continuation<kotlin.Unit>?) returnType:kotlin.Any?
                      overridden:
                        public abstract fun invoke (p1: P1 of kotlin.jvm.functions.Function2, p2: P2 of kotlin.jvm.functions.Function2): R of kotlin.jvm.functions.Function2 declared in kotlin.jvm.functions.Function2
                      $this: VALUE_PARAMETER INSTANCE_RECEIVER name:<this> type:com.example.mobdeveartistics.activities.feed.MainActivityKt.PostsList.<no name provided>.invokeSuspend.<no name provided>
                      VALUE_PARAMETER name:p1 index:0 type:kotlinx.coroutines.CoroutineScope
                      VALUE_PARAMETER name:p2 index:1 type:kotlin.coroutines.Continuation<kotlin.Unit>?
                      BLOCK_BODY
                        RETURN type=kotlin.Nothing from='public final fun invoke (p1: kotlinx.coroutines.CoroutineScope, p2: kotlin.coroutines.Continuation<kotlin.Unit>?): kotlin.Any? declared in com.example.mobdeveartistics.activities.feed.MainActivityKt.PostsList.<no name provided>.invokeSuspend.<no name provided>'
                          CALL 'public final fun invokeSuspend ($result: kotlin.Result<kotlin.Any?>): kotlin.Any? declared in com.example.mobdeveartistics.activities.feed.MainActivityKt.PostsList.<no name provided>.invokeSuspend.<no name provided>' type=kotlin.Any? origin=null
                            $this: TYPE_OP type=com.example.mobdeveartistics.activities.feed.MainActivityKt.PostsList.<no name provided>.invokeSuspend.<no name provided> origin=IMPLICIT_CAST typeOperand=com.example.mobdeveartistics.activities.feed.MainActivityKt.PostsList.<no name provided>.invokeSuspend.<no name provided>
                              CALL 'public final fun create (value: kotlin.Any?, $completion: kotlin.coroutines.Continuation<kotlin.Nothing>): kotlin.coroutines.Continuation<kotlin.Unit> declared in com.example.mobdeveartistics.activities.feed.MainActivityKt.PostsList.<no name provided>.invokeSuspend.<no name provided>' type=kotlin.coroutines.Continuation<kotlin.Unit> origin=null
                                $this: GET_VAR '<this>: com.example.mobdeveartistics.activities.feed.MainActivityKt.PostsList.<no name provided>.invokeSuspend.<no name provided> declared in com.example.mobdeveartistics.activities.feed.MainActivityKt.PostsList.<no name provided>.invokeSuspend.<no name provided>.invoke' type=com.example.mobdeveartistics.activities.feed.MainActivityKt.PostsList.<no name provided>.invokeSuspend.<no name provided> origin=null
                                value: GET_VAR 'p1: kotlinx.coroutines.CoroutineScope declared in com.example.mobdeveartistics.activities.feed.MainActivityKt.PostsList.<no name provided>.invokeSuspend.<no name provided>.invoke' type=kotlinx.coroutines.CoroutineScope origin=null
                                $completion: GET_VAR 'p2: kotlin.coroutines.Continuation<kotlin.Unit>? declared in com.example.mobdeveartistics.activities.feed.MainActivityKt.PostsList.<no name provided>.invokeSuspend.<no name provided>.invoke' type=kotlin.coroutines.Continuation<kotlin.Unit>? origin=null
                            $result: CALL 'public final fun <unsafe-coerce> <T, R> (v: T of kotlin.jvm.internal.<unsafe-coerce>): R of kotlin.jvm.internal.<unsafe-coerce> declared in kotlin.jvm.internal' type=kotlin.Result<kotlin.Any?> origin=null
                              <T>: kotlin.Any?
                              <R>: kotlin.Result<kotlin.Any?>
                              v: GET_FIELD 'FIELD FIELD_FOR_OBJECT_INSTANCE name:INSTANCE type:kotlin.Unit visibility:public [final,static] declared in kotlin.Unit' type=kotlin.Unit origin=null
                    FIELD FIELD_FOR_CAPTURED_VALUE name:$posts type:androidx.compose.runtime.snapshots.SnapshotStateList<com.example.mobdeveartistics.activities.feed.Post> visibility:public/*package*/ [final]
                    FUN INLINE_LAMBDA name:invokeSuspend$lambda$0 visibility:private modality:FINAL <> (post:com.example.mobdeveartistics.activities.feed.Post) returnType:kotlin.Unit
                      VALUE_PARAMETER name:post index:0 type:com.example.mobdeveartistics.activities.feed.Post
                      BLOCK_BODY
                        VAR name:$i$a$-forEach-MainActivityKt$PostsList$1$1$1 type:kotlin.Int [val]
                          CONST Int type=kotlin.Int value=0
                        COMPOSITE type=kotlin.Unit origin=null
                          CALL 'public open fun d (p0: @[EnhancedNullability] kotlin.String?, p1: @[EnhancedNullability] kotlin.String): kotlin.Int declared in android.util.Log' type=kotlin.Int origin=null
                            p0: CONST String type=kotlin.String value="PostsList"
                            p1: CALL 'public final fun toString (): kotlin.String declared in java.lang.StringBuilder' type=kotlin.String origin=null
                              $this: CALL 'public final fun append (value: kotlin.Any?): java.lang.StringBuilder declared in java.lang.StringBuilder' type=java.lang.StringBuilder origin=null
                                $this: CALL 'public final fun append (value: kotlin.String?): java.lang.StringBuilder declared in java.lang.StringBuilder' type=java.lang.StringBuilder origin=null
                                  $this: CONSTRUCTOR_CALL 'public constructor <init> () declared in java.lang.StringBuilder' type=java.lang.StringBuilder origin=null
                                  value: CONST String type=kotlin.String value="Post: "
                                value: GET_VAR 'post: com.example.mobdeveartistics.activities.feed.Post declared in com.example.mobdeveartistics.activities.feed.MainActivityKt.PostsList.<no name provided>.invokeSuspend.<no name provided>.invokeSuspend$lambda$0' type=com.example.mobdeveartistics.activities.feed.Post origin=null
                          COMPOSITE type=kotlin.Unit origin=null
                    FUN BRIDGE name:invoke visibility:public modality:OPEN <> ($this:com.example.mobdeveartistics.activities.feed.MainActivityKt.PostsList.<no name provided>.invokeSuspend.<no name provided>, p1:kotlin.Any?, p2:kotlin.Any?) returnType:kotlin.Any?
                      $this: VALUE_PARAMETER INSTANCE_RECEIVER name:<this> type:com.example.mobdeveartistics.activities.feed.MainActivityKt.PostsList.<no name provided>.invokeSuspend.<no name provided>
                      VALUE_PARAMETER BRIDGE name:p1 index:0 type:kotlin.Any?
                      VALUE_PARAMETER BRIDGE name:p2 index:1 type:kotlin.Any?
                      EXPRESSION_BODY
                        RETURN type=kotlin.Nothing from='public open fun invoke (p1: kotlin.Any?, p2: kotlin.Any?): kotlin.Any? declared in com.example.mobdeveartistics.activities.feed.MainActivityKt.PostsList.<no name provided>.invokeSuspend.<no name provided>'
                          CALL 'public final fun invoke (p1: kotlinx.coroutines.CoroutineScope, p2: kotlin.coroutines.Continuation<kotlin.Unit>?): kotlin.Any? declared in com.example.mobdeveartistics.activities.feed.MainActivityKt.PostsList.<no name provided>.invokeSuspend.<no name provided>' type=kotlin.Any? origin=BRIDGE_DELEGATION
                            $this: GET_VAR '<this>: com.example.mobdeveartistics.activities.feed.MainActivityKt.PostsList.<no name provided>.invokeSuspend.<no name provided> declared in com.example.mobdeveartistics.activities.feed.MainActivityKt.PostsList.<no name provided>.invokeSuspend.<no name provided>.invoke' type=com.example.mobdeveartistics.activities.feed.MainActivityKt.PostsList.<no name provided>.invokeSuspend.<no name provided> origin=null
                            p1: TYPE_OP type=kotlinx.coroutines.CoroutineScope origin=IMPLICIT_CAST typeOperand=kotlinx.coroutines.CoroutineScope
                              GET_VAR 'p1: kotlin.Any? declared in com.example.mobdeveartistics.activities.feed.MainActivityKt.PostsList.<no name provided>.invokeSuspend.<no name provided>.invoke' type=kotlin.Any? origin=null
                            p2: TYPE_OP type=kotlin.coroutines.Continuation<*> origin=IMPLICIT_CAST typeOperand=kotlin.coroutines.Continuation<*>
                              GET_VAR 'p2: kotlin.Any? declared in com.example.mobdeveartistics.activities.feed.MainActivityKt.PostsList.<no name provided>.invokeSuspend.<no name provided>.invoke' type=kotlin.Any? origin=null
                  CONSTRUCTOR_CALL 'public/*package*/ constructor <init> ($posts: androidx.compose.runtime.snapshots.SnapshotStateList<com.example.mobdeveartistics.activities.feed.Post>, $completion: kotlin.coroutines.Continuation<com.example.mobdeveartistics.activities.feed.MainActivityKt.PostsList.<no name provided>.invokeSuspend.<no name provided>>?) [primary] declared in com.example.mobdeveartistics.activities.feed.MainActivityKt.PostsList.<no name provided>.invokeSuspend.<no name provided>' type=com.example.mobdeveartistics.activities.feed.MainActivityKt.PostsList.<no name provided>.invokeSuspend.<no name provided> origin=null
                    $posts: GET_FIELD 'FIELD FIELD_FOR_CAPTURED_VALUE name:$posts type:androidx.compose.runtime.snapshots.SnapshotStateList<com.example.mobdeveartistics.activities.feed.Post> visibility:public/*package*/ [final] declared in com.example.mobdeveartistics.activities.feed.MainActivityKt.PostsList.<no name provided>' type=androidx.compose.runtime.snapshots.SnapshotStateList<com.example.mobdeveartistics.activities.feed.Post> origin=null
                      receiver: GET_VAR '<this>: com.example.mobdeveartistics.activities.feed.MainActivityKt.PostsList.<no name provided> declared in com.example.mobdeveartistics.activities.feed.MainActivityKt.PostsList.<no name provided>.invokeSuspend' type=com.example.mobdeveartistics.activities.feed.MainActivityKt.PostsList.<no name provided> origin=null
                    $completion: CONST Null type=kotlin.Nothing? value=null
                $completion: GET_VAR '<this>: com.example.mobdeveartistics.activities.feed.MainActivityKt.PostsList.<no name provided> declared in com.example.mobdeveartistics.activities.feed.MainActivityKt.PostsList.<no name provided>.invokeSuspend' type=com.example.mobdeveartistics.activities.feed.MainActivityKt.PostsList.<no name provided> origin=null
          FUN name:create visibility:public modality:FINAL <> ($this:com.example.mobdeveartistics.activities.feed.MainActivityKt.PostsList.<no name provided>, value:kotlin.Any?, $completion:kotlin.coroutines.Continuation<kotlin.Nothing>) returnType:kotlin.coroutines.Continuation<kotlin.Unit>
            overridden:
              public open fun create (value: kotlin.Any?, $completion: kotlin.coroutines.Continuation<kotlin.Nothing>): kotlin.coroutines.Continuation<kotlin.Unit> declared in kotlin.coroutines.jvm.internal.SuspendLambda
            $this: VALUE_PARAMETER INSTANCE_RECEIVER name:<this> type:com.example.mobdeveartistics.activities.feed.MainActivityKt.PostsList.<no name provided>
            VALUE_PARAMETER name:value index:0 type:kotlin.Any?
            VALUE_PARAMETER name:$completion index:1 type:kotlin.coroutines.Continuation<kotlin.Nothing>
            BLOCK_BODY
              RETURN type=kotlin.Nothing from='public final fun create (value: kotlin.Any?, $completion: kotlin.coroutines.Continuation<kotlin.Nothing>): kotlin.coroutines.Continuation<kotlin.Unit> declared in com.example.mobdeveartistics.activities.feed.MainActivityKt.PostsList.<no name provided>'
                CONSTRUCTOR_CALL 'public/*package*/ constructor <init> ($posts: androidx.compose.runtime.snapshots.SnapshotStateList<com.example.mobdeveartistics.activities.feed.Post>, $completion: kotlin.coroutines.Continuation<com.example.mobdeveartistics.activities.feed.MainActivityKt.PostsList.<no name provided>>?) [primary] declared in com.example.mobdeveartistics.activities.feed.MainActivityKt.PostsList.<no name provided>' type=com.example.mobdeveartistics.activities.feed.MainActivityKt.PostsList.<no name provided> origin=null
                  $posts: GET_FIELD 'FIELD FIELD_FOR_CAPTURED_VALUE name:$posts type:androidx.compose.runtime.snapshots.SnapshotStateList<com.example.mobdeveartistics.activities.feed.Post> visibility:public/*package*/ [final] declared in com.example.mobdeveartistics.activities.feed.MainActivityKt.PostsList.<no name provided>' type=androidx.compose.runtime.snapshots.SnapshotStateList<com.example.mobdeveartistics.activities.feed.Post> origin=null
                    receiver: GET_VAR '<this>: com.example.mobdeveartistics.activities.feed.MainActivityKt.PostsList.<no name provided> declared in com.example.mobdeveartistics.activities.feed.MainActivityKt.PostsList.<no name provided>.create' type=com.example.mobdeveartistics.activities.feed.MainActivityKt.PostsList.<no name provided> origin=null
                  $completion: GET_VAR '$completion: kotlin.coroutines.Continuation<kotlin.Nothing> declared in com.example.mobdeveartistics.activities.feed.MainActivityKt.PostsList.<no name provided>.create' type=kotlin.coroutines.Continuation<kotlin.Nothing> origin=null
          FUN name:invoke visibility:public modality:FINAL <> ($this:com.example.mobdeveartistics.activities.feed.MainActivityKt.PostsList.<no name provided>, p1:kotlinx.coroutines.CoroutineScope, p2:kotlin.coroutines.Continuation<kotlin.Unit>?) returnType:kotlin.Any?
            overridden:
              public abstract fun invoke (p1: P1 of kotlin.jvm.functions.Function2, p2: P2 of kotlin.jvm.functions.Function2): R of kotlin.jvm.functions.Function2 declared in kotlin.jvm.functions.Function2
            $this: VALUE_PARAMETER INSTANCE_RECEIVER name:<this> type:com.example.mobdeveartistics.activities.feed.MainActivityKt.PostsList.<no name provided>
            VALUE_PARAMETER name:p1 index:0 type:kotlinx.coroutines.CoroutineScope
            VALUE_PARAMETER name:p2 index:1 type:kotlin.coroutines.Continuation<kotlin.Unit>?
            BLOCK_BODY
              RETURN type=kotlin.Nothing from='public final fun invoke (p1: kotlinx.coroutines.CoroutineScope, p2: kotlin.coroutines.Continuation<kotlin.Unit>?): kotlin.Any? declared in com.example.mobdeveartistics.activities.feed.MainActivityKt.PostsList.<no name provided>'
                CALL 'public final fun invokeSuspend ($result: kotlin.Result<kotlin.Any?>): kotlin.Any? declared in com.example.mobdeveartistics.activities.feed.MainActivityKt.PostsList.<no name provided>' type=kotlin.Any? origin=null
                  $this: TYPE_OP type=com.example.mobdeveartistics.activities.feed.MainActivityKt.PostsList.<no name provided> origin=IMPLICIT_CAST typeOperand=com.example.mobdeveartistics.activities.feed.MainActivityKt.PostsList.<no name provided>
                    CALL 'public final fun create (value: kotlin.Any?, $completion: kotlin.coroutines.Continuation<kotlin.Nothing>): kotlin.coroutines.Continuation<kotlin.Unit> declared in com.example.mobdeveartistics.activities.feed.MainActivityKt.PostsList.<no name provided>' type=kotlin.coroutines.Continuation<kotlin.Unit> origin=null
                      $this: GET_VAR '<this>: com.example.mobdeveartistics.activities.feed.MainActivityKt.PostsList.<no name provided> declared in com.example.mobdeveartistics.activities.feed.MainActivityKt.PostsList.<no name provided>.invoke' type=com.example.mobdeveartistics.activities.feed.MainActivityKt.PostsList.<no name provided> origin=null
                      value: GET_VAR 'p1: kotlinx.coroutines.CoroutineScope declared in com.example.mobdeveartistics.activities.feed.MainActivityKt.PostsList.<no name provided>.invoke' type=kotlinx.coroutines.CoroutineScope origin=null
                      $completion: GET_VAR 'p2: kotlin.coroutines.Continuation<kotlin.Unit>? declared in com.example.mobdeveartistics.activities.feed.MainActivityKt.PostsList.<no name provided>.invoke' type=kotlin.coroutines.Continuation<kotlin.Unit>? origin=null
                  $result: CALL 'public final fun <unsafe-coerce> <T, R> (v: T of kotlin.jvm.internal.<unsafe-coerce>): R of kotlin.jvm.internal.<unsafe-coerce> declared in kotlin.jvm.internal' type=kotlin.Result<kotlin.Any?> origin=null
                    <T>: kotlin.Any?
                    <R>: kotlin.Result<kotlin.Any?>
                    v: GET_FIELD 'FIELD FIELD_FOR_OBJECT_INSTANCE name:INSTANCE type:kotlin.Unit visibility:public [final,static] declared in kotlin.Unit' type=kotlin.Unit origin=null
          FIELD FIELD_FOR_CAPTURED_VALUE name:$posts type:androidx.compose.runtime.snapshots.SnapshotStateList<com.example.mobdeveartistics.activities.feed.Post> visibility:public/*package*/ [final]
          FUN BRIDGE name:invoke visibility:public modality:OPEN <> ($this:com.example.mobdeveartistics.activities.feed.MainActivityKt.PostsList.<no name provided>, p1:kotlin.Any?, p2:kotlin.Any?) returnType:kotlin.Any?
            $this: VALUE_PARAMETER INSTANCE_RECEIVER name:<this> type:com.example.mobdeveartistics.activities.feed.MainActivityKt.PostsList.<no name provided>
            VALUE_PARAMETER BRIDGE name:p1 index:0 type:kotlin.Any?
            VALUE_PARAMETER BRIDGE name:p2 index:1 type:kotlin.Any?
            EXPRESSION_BODY
              RETURN type=kotlin.Nothing from='public open fun invoke (p1: kotlin.Any?, p2: kotlin.Any?): kotlin.Any? declared in com.example.mobdeveartistics.activities.feed.MainActivityKt.PostsList.<no name provided>'
                CALL 'public final fun invoke (p1: kotlinx.coroutines.CoroutineScope, p2: kotlin.coroutines.Continuation<kotlin.Unit>?): kotlin.Any? declared in com.example.mobdeveartistics.activities.feed.MainActivityKt.PostsList.<no name provided>' type=kotlin.Any? origin=BRIDGE_DELEGATION
                  $this: GET_VAR '<this>: com.example.mobdeveartistics.activities.feed.MainActivityKt.PostsList.<no name provided> declared in com.example.mobdeveartistics.activities.feed.MainActivityKt.PostsList.<no name provided>.invoke' type=com.example.mobdeveartistics.activities.feed.MainActivityKt.PostsList.<no name provided> origin=null
                  p1: TYPE_OP type=kotlinx.coroutines.CoroutineScope origin=IMPLICIT_CAST typeOperand=kotlinx.coroutines.CoroutineScope
                    GET_VAR 'p1: kotlin.Any? declared in com.example.mobdeveartistics.activities.feed.MainActivityKt.PostsList.<no name provided>.invoke' type=kotlin.Any? origin=null
                  p2: TYPE_OP type=kotlin.coroutines.Continuation<*> origin=IMPLICIT_CAST typeOperand=kotlin.coroutines.Continuation<*>
                    GET_VAR 'p2: kotlin.Any? declared in com.example.mobdeveartistics.activities.feed.MainActivityKt.PostsList.<no name provided>.invoke' type=kotlin.Any? origin=null
        CONSTRUCTOR_CALL 'public/*package*/ constructor <init> ($posts: androidx.compose.runtime.snapshots.SnapshotStateList<com.example.mobdeveartistics.activities.feed.Post>, $completion: kotlin.coroutines.Continuation<com.example.mobdeveartistics.activities.feed.MainActivityKt.PostsList.<no name provided>>?) [primary] declared in com.example.mobdeveartistics.activities.feed.MainActivityKt.PostsList.<no name provided>' type=com.example.mobdeveartistics.activities.feed.MainActivityKt.PostsList.<no name provided> origin=null
          $posts: GET_VAR 'val posts: androidx.compose.runtime.snapshots.SnapshotStateList<com.example.mobdeveartistics.activities.feed.Post> [val] declared in com.example.mobdeveartistics.activities.feed.MainActivityKt.PostsList' type=androidx.compose.runtime.snapshots.SnapshotStateList<com.example.mobdeveartistics.activities.feed.Post> origin=null
          $completion: CONST Null type=kotlin.Nothing? value=null

	at org.jetbrains.kotlin.backend.jvm.codegen.FunctionCodegen.generate(FunctionCodegen.kt:47)
	at org.jetbrains.kotlin.backend.jvm.codegen.FunctionCodegen.generate$default(FunctionCodegen.kt:40)
	at org.jetbrains.kotlin.backend.jvm.codegen.ClassCodegen.generateMethodNode(ClassCodegen.kt:406)
	at org.jetbrains.kotlin.backend.jvm.codegen.ClassCodegen.generateMethod(ClassCodegen.kt:423)
	at org.jetbrains.kotlin.backend.jvm.codegen.ClassCodegen.generate(ClassCodegen.kt:168)
	at org.jetbrains.kotlin.backend.jvm.FileCodegen.lower(JvmPhases.kt:39)
	at org.jetbrains.kotlin.backend.common.phaser.PhaseFactoriesKt.createFilePhase$lambda$4(PhaseFactories.kt:71)
	at org.jetbrains.kotlin.backend.common.phaser.PhaseBuildersKt$createSimpleNamedCompilerPhase$1.phaseBody(PhaseBuilders.kt:69)
	at org.jetbrains.kotlin.backend.common.phaser.SimpleNamedCompilerPhase.phaseBody(CompilerPhase.kt:226)
	at org.jetbrains.kotlin.backend.common.phaser.AbstractNamedCompilerPhase.invoke(CompilerPhase.kt:113)
	at org.jetbrains.kotlin.backend.common.phaser.PerformByIrFilePhase.invokeSequential(performByIrFile.kt:62)
	... 43 more
Caused by: org.jetbrains.kotlin.codegen.CompilationException: Back-end (JVM) Internal error: Couldn't inline method call: CALL 'public final fun remember <T> (calculation: @[DisallowComposableCalls] kotlin.Function0<T of androidx.compose.runtime.ComposablesKt.remember>): T of androidx.compose.runtime.ComposablesKt.remember [inline] declared in androidx.compose.runtime.ComposablesKt' type=androidx.compose.runtime.snapshots.SnapshotStateList<com.example.mobdeveartistics.activities.feed.Post> origin=null
Method: null
File is unknown
The root cause java.lang.IllegalStateException was thrown at: org.jetbrains.kotlin.codegen.inline.SourceCompilerForInlineKt.getMethodNode(SourceCompilerForInline.kt:118)
	at org.jetbrains.kotlin.codegen.inline.InlineCodegen.performInline(InlineCodegen.kt:65)
	at org.jetbrains.kotlin.backend.jvm.codegen.IrInlineCodegen.genInlineCall(IrInlineCodegen.kt:163)
	at org.jetbrains.kotlin.backend.jvm.codegen.IrInlineCallGenerator.genCall(IrInlineCallGenerator.kt:36)
	at org.jetbrains.kotlin.backend.jvm.codegen.ExpressionCodegen.visitCall(ExpressionCodegen.kt:653)
	at org.jetbrains.kotlin.backend.jvm.codegen.ExpressionCodegen.visitCall(ExpressionCodegen.kt:138)
	at org.jetbrains.kotlin.ir.expressions.IrCall.accept(IrCall.kt:24)
	at org.jetbrains.kotlin.backend.jvm.codegen.ExpressionCodegen.visitVariable(ExpressionCodegen.kt:790)
	at org.jetbrains.kotlin.backend.jvm.codegen.ExpressionCodegen.visitVariable(ExpressionCodegen.kt:138)
	at org.jetbrains.kotlin.ir.declarations.IrVariable.accept(IrVariable.kt:36)
	at org.jetbrains.kotlin.backend.jvm.codegen.ExpressionCodegen.visitStatementContainer(ExpressionCodegen.kt:579)
	at org.jetbrains.kotlin.backend.jvm.codegen.ExpressionCodegen.visitBlockBody(ExpressionCodegen.kt:584)
	at org.jetbrains.kotlin.backend.jvm.codegen.ExpressionCodegen.visitBlockBody(ExpressionCodegen.kt:138)
	at org.jetbrains.kotlin.ir.expressions.IrBlockBody.accept(IrBlockBody.kt:20)
	at org.jetbrains.kotlin.backend.jvm.codegen.ExpressionCodegen.generate(ExpressionCodegen.kt:240)
	at org.jetbrains.kotlin.backend.jvm.codegen.FunctionCodegen.doGenerate(FunctionCodegen.kt:123)
	at org.jetbrains.kotlin.backend.jvm.codegen.FunctionCodegen.generate(FunctionCodegen.kt:44)
	... 53 more
Caused by: java.lang.IllegalStateException: couldn't find inline method Landroidx/compose/runtime/ComposablesKt;.remember(Lkotlin/jvm/functions/Function0;)Ljava/lang/Object;
	at org.jetbrains.kotlin.codegen.inline.SourceCompilerForInlineKt.getMethodNode(SourceCompilerForInline.kt:118)
	at org.jetbrains.kotlin.codegen.inline.SourceCompilerForInlineKt.loadCompiledInlineFunction(SourceCompilerForInline.kt:96)
	at org.jetbrains.kotlin.backend.jvm.codegen.IrSourceCompilerForInline.compileInlineFunction(IrSourceCompilerForInline.kt:91)
	at org.jetbrains.kotlin.codegen.inline.InlineCodegen.compileInline(InlineCodegen.kt:43)
	at org.jetbrains.kotlin.codegen.inline.InlineCodegen.performInline(InlineCodegen.kt:51)
	... 68 more


